This is pdfTeX, Version 3.14159265-2.6-1.40.21 (MiKTeX 2.9.7400 64-bit) (preloaded format=pdflatex 2020.5.10)  8 APR 2021 15:04
entering extended mode
**./main.tex
(main.tex
LaTeX2e <2020-02-02> patch level 5
L3 programming layer <2020-04-06> (mtecreprt.cls
Document Class: mtecreprt 

("C:\Users\pavan\AppData\Local\Programs\MiKTeX 2.9\tex/latex/kvoptions\kvoption
s.sty"
Package: kvoptions 2019/11/29 v3.13 Key value format for package options (HO)

("C:\Users\pavan\AppData\Local\Programs\MiKTeX 2.9\tex/latex/graphics\keyval.st
y"
Package: keyval 2014/10/28 v1.15 key=value parser (DPC)
\KV@toks@=\toks15
)
("C:\Users\pavan\AppData\Local\Programs\MiKTeX 2.9\tex/generic/ltxcmds\ltxcmds.
sty"
Package: ltxcmds 2019/12/15 v1.24 LaTeX kernel commands for general use (HO)
)
("C:\Users\pavan\AppData\Local\Programs\MiKTeX 2.9\tex/generic/kvsetkeys\kvsetk
eys.sty"
Package: kvsetkeys 2019/12/15 v1.18 Key value parser (HO)
))
("C:\Users\pavan\AppData\Local\Programs\MiKTeX 2.9\tex/latex/koma-script\scrboo
k.cls"
Document Class: scrbook 2020/04/19 v3.30 KOMA-Script document class (book)

("C:\Users\pavan\AppData\Local\Programs\MiKTeX 2.9\tex/latex/koma-script\scrkba
se.sty"
Package: scrkbase 2020/04/19 v3.30 KOMA-Script package (KOMA-Script-dependent b
asics and keyval usage)

("C:\Users\pavan\AppData\Local\Programs\MiKTeX 2.9\tex/latex/koma-script\scrbas
e.sty"
Package: scrbase 2020/04/19 v3.30 KOMA-Script package (KOMA-Script-independent 
basics and keyval usage)

("C:\Users\pavan\AppData\Local\Programs\MiKTeX 2.9\tex/latex/koma-script\scrlfi
le.sty"
Package: scrlfile 2020/04/19 v3.30 KOMA-Script package (loading files)
)))
("C:\Users\pavan\AppData\Local\Programs\MiKTeX 2.9\tex/latex/koma-script\tocbas
ic.sty"
Package: tocbasic 2020/04/19 v3.30 KOMA-Script package (handling toc-files)
\scr@dte@tocline@numberwidth=\skip47
\scr@dte@tocline@numbox=\box45
)
Package tocbasic Info: omitting babel extension for `toc'
(tocbasic)             because of feature `nobabel' available
(tocbasic)             for `toc' on input line 137.
Class scrbook Info: You've used standard option `openany'.
(scrbook)           This is correct!
(scrbook)           Internally I'm using `open=any'.
(scrbook)           If you'd like to set the option with \KOMAoptions,
(scrbook)           you'd have to use `open=any' there
(scrbook)           instead of `openany', too.
Class scrbook Info: File `scrsize11pt.clo' used instead of
(scrbook)           file `scrsize11.clo' to setup font sizes on input line 2427
.

("C:\Users\pavan\AppData\Local\Programs\MiKTeX 2.9\tex/latex/koma-script\scrsiz
e11pt.clo"
File: scrsize11pt.clo 2020/04/19 v3.30 KOMA-Script font size class option (11pt
)
)
("C:\Users\pavan\AppData\Local\Programs\MiKTeX 2.9\tex/latex/koma-script\typear
ea.sty"
Package: typearea 2020/04/19 v3.30 KOMA-Script package (type area)
\ta@bcor=\skip48
\ta@div=\count167
Package typearea Info: You've used standard option `a4paper'.
(typearea)             This is correct!
(typearea)             Internally I'm using `paper=a4'.
(typearea)             If you'd like to set the option with \KOMAoptions,
(typearea)             you'd have to use `paper=a4' there
(typearea)             instead of `a4paper', too.
\ta@hblk=\skip49
\ta@vblk=\skip50
\ta@temp=\skip51
\footheight=\skip52
Package typearea Info: These are the values describing the layout:
(typearea)             DIV  = 13
(typearea)             BCOR = 56.9055pt
(typearea)             \paperwidth      = 597.50793pt
(typearea)              \textwidth      = 415.84805pt
(typearea)              DIV departure   = -5%
(typearea)              \evensidemargin = 10.8996pt
(typearea)              \oddsidemargin  = 26.2203pt
(typearea)             \paperheight     = 845.04694pt
(typearea)              \textheight     = 650.20029pt
(typearea)              \topmargin      = -44.6664pt
(typearea)              \headheight     = 17.0pt
(typearea)              \headsep        = 20.40001pt
(typearea)              \topskip        = 11.0pt
(typearea)              \footskip       = 47.6pt
(typearea)              \baselineskip   = 13.6pt
(typearea)              on input line 1738.
)
\c@part=\count168
\c@chapter=\count169
\c@section=\count170
\c@subsection=\count171
\c@subsubsection=\count172
\c@paragraph=\count173
\c@subparagraph=\count174
\scr@dte@chapter@maxnumwidth=\skip53
Class scrbook Info: using compatibility default `afterindent=bysign'
(scrbook)           for `\chapter on input line 5586.
\scr@dte@section@maxnumwidth=\skip54
Class scrbook Info: using compatibility default `runin=bysign'
(scrbook)           for `\section on input line 5596.
Class scrbook Info: using compatibility default `afterindent=bysign'
(scrbook)           for `\section on input line 5596.
\scr@dte@part@maxnumwidth=\skip55
Class scrbook Info: using compatibility default `afterindent=true'
(scrbook)           for `\part on input line 5605.
\scr@dte@subsection@maxnumwidth=\skip56
Class scrbook Info: using compatibility default `runin=bysign'
(scrbook)           for `\subsection on input line 5615.
Class scrbook Info: using compatibility default `afterindent=bysign'
(scrbook)           for `\subsection on input line 5615.
\scr@dte@subsubsection@maxnumwidth=\skip57
Class scrbook Info: using compatibility default `runin=bysign'
(scrbook)           for `\subsubsection on input line 5625.
Class scrbook Info: using compatibility default `afterindent=bysign'
(scrbook)           for `\subsubsection on input line 5625.
\scr@dte@paragraph@maxnumwidth=\skip58
Class scrbook Info: using compatibility default `runin=bysign'
(scrbook)           for `\paragraph on input line 5635.
Class scrbook Info: using compatibility default `afterindent=bysign'
(scrbook)           for `\paragraph on input line 5635.
\scr@dte@subparagraph@maxnumwidth=\skip59
Class scrbook Info: using compatibility default `runin=bysign'
(scrbook)           for `\subparagraph on input line 5645.
Class scrbook Info: using compatibility default `afterindent=bysign'
(scrbook)           for `\subparagraph on input line 5645.
\abovecaptionskip=\skip60
\belowcaptionskip=\skip61
\c@pti@nb@sid@b@x=\box46
Package tocbasic Info: omitting babel extension for `lof'
(tocbasic)             because of feature `nobabel' available
(tocbasic)             for `lof' on input line 6887.
\scr@dte@figure@maxnumwidth=\skip62
\c@figure=\count175
Package tocbasic Info: omitting babel extension for `lot'
(tocbasic)             because of feature `nobabel' available
(tocbasic)             for `lot' on input line 6908.
\scr@dte@table@maxnumwidth=\skip63
\c@table=\count176
Class scrbook Info: Redefining `\numberline' on input line 7081.
\bibindent=\dimen134
)
("C:\Users\pavan\AppData\Local\Programs\MiKTeX 2.9\tex/latex/koma-script\scrlay
er-scrpage.sty"
Package: scrlayer-scrpage 2020/04/19 v3.30 KOMA-Script package (end user interf
ace for scrlayer)

("C:\Users\pavan\AppData\Local\Programs\MiKTeX 2.9\tex/latex/koma-script\scrlay
er.sty"
Package: scrlayer 2020/04/19 v3.30 KOMA-Script package (defining layers and pag
e styles)
Package scrlayer Info: Using already defined \footheight
(scrlayer)             hoping, that this is a length and
(scrlayer)             not only a macro on input line 109.
Package scrlayer Info: patching LaTeX kernel macro \pagestyle on input line 210
6.
)
Package scrlayer-scrpage Info: Makeing stand-alone element `pagehead' from
(scrlayer-scrpage)             alias to `pageheadfoot' on input line 1244.
Package scrlayer-scrpage Info: deactivating warning for font element
(scrlayer-scrpage)             `pagefoot' on input line 1271.
)
Package scrlayer-scrpage Info: auto-selection of `pagestyleset=KOMA-Script'.

1: section
1: chapter
1: chapter
1: section

("C:\Users\pavan\AppData\Local\Programs\MiKTeX 2.9\tex/latex/amsmath\amsmath.st
y"
Package: amsmath 2020/01/20 v2.17e AMS math features
\@mathmargin=\skip64

For additional information on amsmath, use the `?' option.

("C:\Users\pavan\AppData\Local\Programs\MiKTeX 2.9\tex/latex/amsmath\amstext.st
y"
Package: amstext 2000/06/29 v2.01 AMS text

("C:\Users\pavan\AppData\Local\Programs\MiKTeX 2.9\tex/latex/amsmath\amsgen.sty
"
File: amsgen.sty 1999/11/30 v2.0 generic functions
\@emptytoks=\toks16
\ex@=\dimen135
))
("C:\Users\pavan\AppData\Local\Programs\MiKTeX 2.9\tex/latex/amsmath\amsbsy.sty
"
Package: amsbsy 1999/11/29 v1.2d Bold Symbols
\pmbraise@=\dimen136
)
("C:\Users\pavan\AppData\Local\Programs\MiKTeX 2.9\tex/latex/amsmath\amsopn.sty
"
Package: amsopn 2016/03/08 v2.02 operator names
)
\inf@bad=\count177
LaTeX Info: Redefining \frac on input line 227.
\uproot@=\count178
\leftroot@=\count179
LaTeX Info: Redefining \overline on input line 389.
\classnum@=\count180
\DOTSCASE@=\count181
LaTeX Info: Redefining \ldots on input line 486.
LaTeX Info: Redefining \dots on input line 489.
LaTeX Info: Redefining \cdots on input line 610.
\Mathstrutbox@=\box47
\strutbox@=\box48
\big@size=\dimen137
LaTeX Font Info:    Redeclaring font encoding OML on input line 733.
LaTeX Font Info:    Redeclaring font encoding OMS on input line 734.
\macc@depth=\count182
\c@MaxMatrixCols=\count183
\dotsspace@=\muskip16
\c@parentequation=\count184
\dspbrk@lvl=\count185
\tag@help=\toks17
\row@=\count186
\column@=\count187
\maxfields@=\count188
\andhelp@=\toks18
\eqnshift@=\dimen138
\alignsep@=\dimen139
\tagshift@=\dimen140
\tagwidth@=\dimen141
\totwidth@=\dimen142
\lineht@=\dimen143
\@envbody=\toks19
\multlinegap=\skip65
\multlinetaggap=\skip66
\mathdisplay@stack=\toks20
LaTeX Info: Redefining \[ on input line 2859.
LaTeX Info: Redefining \] on input line 2860.
)
("C:\Users\pavan\AppData\Local\Programs\MiKTeX 2.9\tex/latex/amsfonts\amsfonts.
sty"
Package: amsfonts 2013/01/14 v3.01 Basic AMSFonts support
\symAMSa=\mathgroup4
\symAMSb=\mathgroup5
LaTeX Font Info:    Redeclaring math symbol \hbar on input line 98.
LaTeX Font Info:    Overwriting math alphabet `\mathfrak' in version `bold'
(Font)                  U/euf/m/n --> U/euf/b/n on input line 106.
)
("C:\Users\pavan\AppData\Local\Programs\MiKTeX 2.9\tex/latex/amsfonts\amssymb.s
ty"
Package: amssymb 2013/01/14 v3.01 AMS font symbols
)
("C:\Users\pavan\AppData\Local\Programs\MiKTeX 2.9\tex/latex/xstring\xstring.st
y"
("C:\Users\pavan\AppData\Local\Programs\MiKTeX 2.9\tex/generic/xstring\xstring.
tex"
\integerpart=\count189
\decimalpart=\count190
)
Package: xstring 2019/02/06 v1.83 String manipulations (CT)
)
("C:\Users\pavan\AppData\Local\Programs\MiKTeX 2.9\tex/latex/graphics\graphicx.
sty"
Package: graphicx 2019/11/30 v1.2a Enhanced LaTeX Graphics (DPC,SPQR)

("C:\Users\pavan\AppData\Local\Programs\MiKTeX 2.9\tex/latex/graphics\graphics.
sty"
Package: graphics 2019/11/30 v1.4a Standard LaTeX Graphics (DPC,SPQR)

("C:\Users\pavan\AppData\Local\Programs\MiKTeX 2.9\tex/latex/graphics\trig.sty"
Package: trig 2016/01/03 v1.10 sin cos tan (DPC)
)
("C:\Users\pavan\AppData\Local\Programs\MiKTeX 2.9\tex/latex/graphics-cfg\graph
ics.cfg"
File: graphics.cfg 2016/06/04 v1.11 sample graphics configuration
)
Package graphics Info: Driver file: pdftex.def on input line 105.

("C:\Users\pavan\AppData\Local\Programs\MiKTeX 2.9\tex/latex/graphics-def\pdfte
x.def"
File: pdftex.def 2018/01/08 v1.0l Graphics/color driver for pdftex
))
\Gin@req@height=\dimen144
\Gin@req@width=\dimen145
)
("C:\Users\pavan\AppData\Local\Programs\MiKTeX 2.9\tex/latex/xcolor\xcolor.sty"
Package: xcolor 2016/05/11 v2.12 LaTeX color extensions (UK)

("C:\Users\pavan\AppData\Local\Programs\MiKTeX 2.9\tex/latex/graphics-cfg\color
.cfg"
File: color.cfg 2016/01/02 v1.6 sample color configuration
)
Package xcolor Info: Package option `a4paper' ignored on input line 216.
Package xcolor Info: Package option `twoside' ignored on input line 216.
Package xcolor Info: Package option `BCOR=20mm' ignored on input line 216.
Package xcolor Info: Package option `DIV=13' ignored on input line 216.
Package xcolor Info: Package option `grayscalebody' ignored on input line 216.
Package xcolor Info: Package option `toc=bibliography' ignored on input line 21
6.
Package xcolor Info: Package option `numbers=noenddot' ignored on input line 21
6.
Package xcolor Info: Package option `abstract=true' ignored on input line 216.
Package xcolor Info: Package option `openany' ignored on input line 216.
Package xcolor Info: Driver file: pdftex.def on input line 225.
Package xcolor Info: Model `cmy' substituted by `cmy0' on input line 1348.
Package xcolor Info: Model `hsb' substituted by `rgb' on input line 1352.
Package xcolor Info: Model `RGB' extended on input line 1364.
Package xcolor Info: Model `HTML' substituted by `rgb' on input line 1366.
Package xcolor Info: Model `Hsb' substituted by `hsb' on input line 1367.
Package xcolor Info: Model `tHsb' substituted by `hsb' on input line 1368.
Package xcolor Info: Model `HSB' substituted by `hsb' on input line 1369.
Package xcolor Info: Model `Gray' substituted by `gray' on input line 1370.
Package xcolor Info: Model `wave' substituted by `hsb' on input line 1371.
) (titlepage.sty
Package: titlepage 2013/08/06 v0.4d KOMA presents the title page project 
\c@titlepage=\count191
\titlebox=\box49
) (title-TUHH-MTEC.def
File: title-TUHH-MTEC.def 2013/10/25 v0.1 KOMA presents the title page project 

)
("C:\Users\pavan\AppData\Local\Programs\MiKTeX 2.9\tex/latex/hyperref\hyperref.
sty"
Package: hyperref 2020/01/14 v7.00d Hypertext links for LaTeX

("C:\Users\pavan\AppData\Local\Programs\MiKTeX 2.9\tex/generic/iftex\iftex.sty"
Package: iftex 2020/03/06 v1.0d TeX engine tests
)
("C:\Users\pavan\AppData\Local\Programs\MiKTeX 2.9\tex/latex/pdftexcmds\pdftexc
mds.sty"
Package: pdftexcmds 2019/11/24 v0.31 Utility functions of pdfTeX for LuaTeX (HO
)

("C:\Users\pavan\AppData\Local\Programs\MiKTeX 2.9\tex/generic/infwarerr\infwar
err.sty"
Package: infwarerr 2019/12/03 v1.5 Providing info/warning/error messages (HO)
)
Package pdftexcmds Info: \pdf@primitive is available.
Package pdftexcmds Info: \pdf@ifprimitive is available.
Package pdftexcmds Info: \pdfdraftmode found.
)
("C:\Users\pavan\AppData\Local\Programs\MiKTeX 2.9\tex/generic/kvdefinekeys\kvd
efinekeys.sty"
Package: kvdefinekeys 2019-12-19 v1.6 Define keys (HO)
)
("C:\Users\pavan\AppData\Local\Programs\MiKTeX 2.9\tex/generic/pdfescape\pdfesc
ape.sty"
Package: pdfescape 2019/12/09 v1.15 Implements pdfTeX's escape features (HO)
)
("C:\Users\pavan\AppData\Local\Programs\MiKTeX 2.9\tex/latex/hycolor\hycolor.st
y"
Package: hycolor 2020-01-27 v1.10 Color options for hyperref/bookmark (HO)
)
("C:\Users\pavan\AppData\Local\Programs\MiKTeX 2.9\tex/latex/letltxmacro\letltx
macro.sty"
Package: letltxmacro 2019/12/03 v1.6 Let assignment for LaTeX macros (HO)
)
("C:\Users\pavan\AppData\Local\Programs\MiKTeX 2.9\tex/latex/auxhook\auxhook.st
y"
Package: auxhook 2019-12-17 v1.6 Hooks for auxiliary files (HO)
)
\@linkdim=\dimen146
\Hy@linkcounter=\count192
\Hy@pagecounter=\count193

("C:\Users\pavan\AppData\Local\Programs\MiKTeX 2.9\tex/latex/hyperref\pd1enc.de
f"
File: pd1enc.def 2020/01/14 v7.00d Hyperref: PDFDocEncoding definition (HO)
Now handling font encoding PD1 ...
... no UTF-8 mapping file for font encoding PD1
)
("C:\Users\pavan\AppData\Local\Programs\MiKTeX 2.9\tex/generic/intcalc\intcalc.
sty"
Package: intcalc 2019/12/15 v1.3 Expandable calculations with integers (HO)
)
("C:\Users\pavan\AppData\Local\Programs\MiKTeX 2.9\tex/generic/etexcmds\etexcmd
s.sty"
Package: etexcmds 2019/12/15 v1.7 Avoid name clashes with e-TeX commands (HO)
)
\Hy@SavedSpaceFactor=\count194
Package hyperref Info: Option `pdfpagelabels' set `true' on input line 4421.
Package hyperref Info: Option `plainpages' set `false' on input line 4421.
Package hyperref Info: Hyper figures OFF on input line 4547.
Package hyperref Info: Link nesting OFF on input line 4552.
Package hyperref Info: Hyper index ON on input line 4555.
Package hyperref Info: Plain pages OFF on input line 4562.
Package hyperref Info: Backreferencing OFF on input line 4567.
Package hyperref Info: Implicit mode ON; LaTeX internals redefined.
Package hyperref Info: Bookmarks ON on input line 4800.
\c@Hy@tempcnt=\count195
 ("C:\Users\pavan\AppData\Local\Programs\MiKTeX 2.9\tex/latex/url\url.sty"
\Urlmuskip=\muskip17
Package: url 2013/09/16  ver 3.4  Verb mode for urls, etc.
)
LaTeX Info: Redefining \url on input line 5159.
\XeTeXLinkMargin=\dimen147

("C:\Users\pavan\AppData\Local\Programs\MiKTeX 2.9\tex/generic/bitset\bitset.st
y"
Package: bitset 2019/12/09 v1.3 Handle bit-vector datatype (HO)

("C:\Users\pavan\AppData\Local\Programs\MiKTeX 2.9\tex/generic/bigintcalc\bigin
tcalc.sty"
Package: bigintcalc 2019/12/15 v1.5 Expandable calculations on big integers (HO
)
))
\Fld@menulength=\count196
\Field@Width=\dimen148
\Fld@charsize=\dimen149
Package hyperref Info: Hyper figures OFF on input line 6430.
Package hyperref Info: Link nesting OFF on input line 6435.
Package hyperref Info: Hyper index ON on input line 6438.
Package hyperref Info: backreferencing OFF on input line 6445.
Package hyperref Info: Link coloring OFF on input line 6450.
Package hyperref Info: Link coloring with OCG OFF on input line 6455.
Package hyperref Info: PDF/A mode OFF on input line 6460.
LaTeX Info: Redefining \ref on input line 6500.
LaTeX Info: Redefining \pageref on input line 6504.

("C:\Users\pavan\AppData\Local\Programs\MiKTeX 2.9\tex/generic/atbegshi\atbegsh
i.sty"
Package: atbegshi 2019/12/05 v1.19 At begin shipout hook (HO)
)
\Hy@abspage=\count197
\c@Item=\count198
\c@Hfootnote=\count199
)
Package hyperref Info: Driver (autodetected): hpdftex.

("C:\Users\pavan\AppData\Local\Programs\MiKTeX 2.9\tex/latex/hyperref\hpdftex.d
ef"
File: hpdftex.def 2020/01/14 v7.00d Hyperref driver for pdfTeX

("C:\Users\pavan\AppData\Local\Programs\MiKTeX 2.9\tex/latex/atveryend\atveryen
d.sty"
Package: atveryend 2019-12-11 v1.11 Hooks at the very end of document (HO)
Package atveryend Info: \enddocument detected (standard20110627).
)
\Fld@listcount=\count266
\c@bookmark@seq@number=\count267

("C:\Users\pavan\AppData\Local\Programs\MiKTeX 2.9\tex/latex/rerunfilecheck\rer
unfilecheck.sty"
Package: rerunfilecheck 2019/12/05 v1.9 Rerun checks for auxiliary files (HO)

("C:\Users\pavan\AppData\Local\Programs\MiKTeX 2.9\tex/generic/uniquecounter\un
iquecounter.sty"
Package: uniquecounter 2019/12/15 v1.4 Provide unlimited unique counter (HO)
)
Package uniquecounter Info: New unique counter `rerunfilecheck' on input line 2
86.
)
\Hy@SectionHShift=\skip67
)
("C:\Users\pavan\AppData\Local\Programs\MiKTeX 2.9\tex/latex/float\float.sty"
Package: float 2001/11/08 v1.3d Float enhancements (AL)
\c@float@type=\count268
\float@exts=\toks21
\float@box=\box50
\@float@everytoks=\toks22
\@floatcapt=\box51
)
\@float@every@table=\toks23

("C:\Users\pavan\AppData\Local\Programs\MiKTeX 2.9\tex/latex/cleveref\cleveref.
sty"
Package: cleveref 2018/03/27 v0.21.4 Intelligent cross-referencing
Package cleveref Info: `hyperref' support loaded on input line 2370.
LaTeX Info: Redefining \cref on input line 2370.
LaTeX Info: Redefining \Cref on input line 2370.
LaTeX Info: Redefining \crefrange on input line 2370.
LaTeX Info: Redefining \Crefrange on input line 2370.
LaTeX Info: Redefining \cpageref on input line 2370.
LaTeX Info: Redefining \Cpageref on input line 2370.
LaTeX Info: Redefining \cpagerefrange on input line 2370.
LaTeX Info: Redefining \Cpagerefrange on input line 2370.
LaTeX Info: Redefining \labelcref on input line 2370.
LaTeX Info: Redefining \labelcpageref on input line 2370.
))
("C:\Users\pavan\AppData\Local\Programs\MiKTeX 2.9\tex/latex/adjustbox\adjustbo
x.sty"
Package: adjustbox 2020/08/19 v1.3 Adjusting TeX boxes (trim, clip, ...)

("C:\Users\pavan\AppData\Local\Programs\MiKTeX 2.9\tex/latex/xkeyval\xkeyval.st
y"
Package: xkeyval 2014/12/03 v2.7a package option processing (HA)

("C:\Users\pavan\AppData\Local\Programs\MiKTeX 2.9\tex/generic/xkeyval\xkeyval.
tex"
("C:\Users\pavan\AppData\Local\Programs\MiKTeX 2.9\tex/generic/xkeyval\xkvutils
.tex"
\XKV@toks=\toks24
\XKV@tempa@toks=\toks25
)
\XKV@depth=\count269
File: xkeyval.tex 2014/12/03 v2.7a key=value parser (HA)
))
("C:\Users\pavan\AppData\Local\Programs\MiKTeX 2.9\tex/latex/adjustbox\adjcalc.
sty"
Package: adjcalc 2012/05/16 v1.1 Provides advanced setlength with multiple back
-ends (calc, etex, pgfmath)
)
("C:\Users\pavan\AppData\Local\Programs\MiKTeX 2.9\tex/latex/adjustbox\trimclip
.sty"
Package: trimclip 2020/08/19 v1.2 Trim and clip general TeX material

("C:\Users\pavan\AppData\Local\Programs\MiKTeX 2.9\tex/latex/collectbox\collect
box.sty"
Package: collectbox 2012/05/17 v0.4b Collect macro arguments as boxes
\collectedbox=\box52
)
\tc@llx=\dimen150
\tc@lly=\dimen151
\tc@urx=\dimen152
\tc@ury=\dimen153
Package trimclip Info: Using driver 'tc-pdftex.def'.

("C:\Users\pavan\AppData\Local\Programs\MiKTeX 2.9\tex/latex/adjustbox\tc-pdfte
x.def"
File: tc-pdftex.def 2019/01/04 v2.2 Clipping driver for pdftex
))
\adjbox@Width=\dimen154
\adjbox@Height=\dimen155
\adjbox@Depth=\dimen156
\adjbox@Totalheight=\dimen157
\adjbox@pwidth=\dimen158
\adjbox@pheight=\dimen159
\adjbox@pdepth=\dimen160
\adjbox@ptotalheight=\dimen161

("C:\Users\pavan\AppData\Local\Programs\MiKTeX 2.9\tex/latex/ifoddpage\ifoddpag
e.sty"
Package: ifoddpage 2016/04/23 v1.1 Conditionals for odd/even page detection
\c@checkoddpage=\count270
)
("C:\Users\pavan\AppData\Local\Programs\MiKTeX 2.9\tex/latex/varwidth\varwidth.
sty"
Package: varwidth 2009/03/30 ver 0.92;  Variable-width minipages
\@vwid@box=\box53
\sift@deathcycles=\count271
\@vwid@loff=\dimen162
\@vwid@roff=\dimen163
))
("C:\Users\pavan\AppData\Local\Programs\MiKTeX 2.9\tex/latex/caption\caption.st
y"
Package: caption 2020/01/03 v3.4h Customizing captions (AR)

("C:\Users\pavan\AppData\Local\Programs\MiKTeX 2.9\tex/latex/caption\caption3.s
ty"
Package: caption3 2020/01/03 v1.8h caption3 kernel (AR)
Package caption3 Info: TeX engine: e-TeX on input line 61.
\captionmargin=\dimen164
\captionmargin@=\dimen165
\captionwidth=\dimen166
\caption@tempdima=\dimen167
\caption@indent=\dimen168
\caption@parindent=\dimen169
\caption@hangindent=\dimen170
Package caption Info: KOMA-Script document class detected.
)
Package caption Info: KOMA-Script document class.
\c@caption@flags=\count272
\c@continuedfloat=\count273
Package caption Info: float package is loaded.
Package caption Info: hyperref package is loaded.
)
("C:\Users\pavan\AppData\Local\Programs\MiKTeX 2.9\tex/latex/caption\subcaption
.sty"
Package: subcaption 2020/01/22 v1.3d Sub-captions (AR)
\c@subfigure=\count274
\c@subtable=\count275
)
("C:\Users\pavan\AppData\Local\Programs\MiKTeX 2.9\tex/generic/babel\babel.sty"
Package: babel 2020/03/22 3.42 The Babel package
("C:\Users\pavan\AppData\Local\Programs\MiKTeX 2.9\tex/generic/babel\switch.def
"
File: switch.def 2020/03/22 3.42 Babel switching mechanism
)
*************************************
* Local config file bblopts.cfg used
*
("C:\Users\pavan\AppData\Local\Programs\MiKTeX 2.9\tex/latex/arabi\bblopts.cfg"
File: bblopts.cfg 2005/09/08 v0.1 add Arabic and Farsi to "declared" options of
 babel
)
("C:\Users\pavan\AppData\Local\Programs\MiKTeX 2.9\tex/latex/babel-english\engl
ish.ldf"
Language: english 2017/06/06 v3.3r English support from the babel system

("C:\Users\pavan\AppData\Local\Programs\MiKTeX 2.9\tex/generic/babel\babel.def"
File: babel.def 2020/03/22 3.42 Babel common definitions
\babel@savecnt=\count276
\U@D=\dimen171

("C:\Users\pavan\AppData\Local\Programs\MiKTeX 2.9\tex/generic/babel\txtbabel.d
ef")
\bbl@readstream=\read2
\bbl@dirlevel=\count277
)
Package babel Info: \l@canadian = using hyphenrules for english
(babel)             (\language0) on input line 102.
Package babel Info: \l@australian = using hyphenrules for ukenglish
(babel)             (\language72) on input line 105.
Package babel Info: \l@newzealand = using hyphenrules for ukenglish
(babel)             (\language72) on input line 108.
))
("C:\Users\pavan\AppData\Local\Programs\MiKTeX 2.9\tex/latex/base\inputenc.sty"
Package: inputenc 2018/08/11 v1.3c Input encoding file
\inpenc@prehook=\toks26
\inpenc@posthook=\toks27
) ("C:\Users\pavan\AppData\Local\Programs\MiKTeX 2.9\tex/latex/base\fontenc.sty
"
Package: fontenc 2020/02/11 v2.0o Standard LaTeX package
) ("C:\Users\pavan\AppData\Local\Programs\MiKTeX 2.9\tex/latex/lm\lmodern.sty"
Package: lmodern 2009/10/30 v1.6 Latin Modern Fonts
LaTeX Font Info:    Overwriting symbol font `operators' in version `normal'
(Font)                  OT1/cmr/m/n --> OT1/lmr/m/n on input line 22.
LaTeX Font Info:    Overwriting symbol font `letters' in version `normal'
(Font)                  OML/cmm/m/it --> OML/lmm/m/it on input line 23.
LaTeX Font Info:    Overwriting symbol font `symbols' in version `normal'
(Font)                  OMS/cmsy/m/n --> OMS/lmsy/m/n on input line 24.
LaTeX Font Info:    Overwriting symbol font `largesymbols' in version `normal'
(Font)                  OMX/cmex/m/n --> OMX/lmex/m/n on input line 25.
LaTeX Font Info:    Overwriting symbol font `operators' in version `bold'
(Font)                  OT1/cmr/bx/n --> OT1/lmr/bx/n on input line 26.
LaTeX Font Info:    Overwriting symbol font `letters' in version `bold'
(Font)                  OML/cmm/b/it --> OML/lmm/b/it on input line 27.
LaTeX Font Info:    Overwriting symbol font `symbols' in version `bold'
(Font)                  OMS/cmsy/b/n --> OMS/lmsy/b/n on input line 28.
LaTeX Font Info:    Overwriting symbol font `largesymbols' in version `bold'
(Font)                  OMX/cmex/m/n --> OMX/lmex/m/n on input line 29.
LaTeX Font Info:    Overwriting math alphabet `\mathbf' in version `normal'
(Font)                  OT1/cmr/bx/n --> OT1/lmr/bx/n on input line 31.
LaTeX Font Info:    Overwriting math alphabet `\mathsf' in version `normal'
(Font)                  OT1/cmss/m/n --> OT1/lmss/m/n on input line 32.
LaTeX Font Info:    Overwriting math alphabet `\mathit' in version `normal'
(Font)                  OT1/cmr/m/it --> OT1/lmr/m/it on input line 33.
LaTeX Font Info:    Overwriting math alphabet `\mathtt' in version `normal'
(Font)                  OT1/cmtt/m/n --> OT1/lmtt/m/n on input line 34.
LaTeX Font Info:    Overwriting math alphabet `\mathbf' in version `bold'
(Font)                  OT1/cmr/bx/n --> OT1/lmr/bx/n on input line 35.
LaTeX Font Info:    Overwriting math alphabet `\mathsf' in version `bold'
(Font)                  OT1/cmss/bx/n --> OT1/lmss/bx/n on input line 36.
LaTeX Font Info:    Overwriting math alphabet `\mathit' in version `bold'
(Font)                  OT1/cmr/bx/it --> OT1/lmr/bx/it on input line 37.
LaTeX Font Info:    Overwriting math alphabet `\mathtt' in version `bold'
(Font)                  OT1/cmtt/m/n --> OT1/lmtt/m/n on input line 38.
)
("C:\Users\pavan\AppData\Local\Programs\MiKTeX 2.9\tex/latex/microtype\microtyp
e.sty"
Package: microtype 2019/11/18 v2.7d Micro-typographical refinements (RS)
\MT@toks=\toks28
\MT@count=\count278
LaTeX Info: Redefining \textls on input line 790.
\MT@outer@kern=\dimen172
LaTeX Info: Redefining \textmicrotypecontext on input line 1354.
\MT@listname@count=\count279

("C:\Users\pavan\AppData\Local\Programs\MiKTeX 2.9\tex/latex/microtype\microtyp
e-pdftex.def"
File: microtype-pdftex.def 2019/11/18 v2.7d Definitions specific to pdftex (RS)

LaTeX Info: Redefining \lsstyle on input line 914.
LaTeX Info: Redefining \lslig on input line 914.
\MT@outer@space=\skip68
)
Package microtype Info: Loading configuration file microtype.cfg.

("C:\Users\pavan\AppData\Local\Programs\MiKTeX 2.9\tex/latex/microtype\microtyp
e.cfg"
File: microtype.cfg 2019/11/18 v2.7d microtype main configuration file (RS)
))
("C:\Users\pavan\AppData\Local\Programs\MiKTeX 2.9\tex/latex/biblatex\biblatex.
sty"
Package: biblatex 2019/12/01 v3.14 programmable bibliographies (PK/MW)

("C:\Users\pavan\AppData\Local\Programs\MiKTeX 2.9\tex/latex/etoolbox\etoolbox.
sty"
Package: etoolbox 2019/09/21 v2.5h e-TeX tools for LaTeX (JAW)
\etb@tempcnta=\count280
)
("C:\Users\pavan\AppData\Local\Programs\MiKTeX 2.9\tex/latex/logreq\logreq.sty"
Package: logreq 2010/08/04 v1.0 xml request logger
\lrq@indent=\count281
("C:\Users\pavan\AppData\Local\Programs\MiKTeX 2.9\tex/latex/logreq\logreq.def"
File: logreq.def 2010/08/04 v1.0 logreq spec v1.0
)) ("C:\Users\pavan\AppData\Local\Programs\MiKTeX 2.9\tex/latex/base\ifthen.sty
"
Package: ifthen 2014/09/29 v1.1c Standard LaTeX ifthen package (DPC)
)
\c@tabx@nest=\count282
\c@listtotal=\count283
\c@listcount=\count284
\c@liststart=\count285
\c@liststop=\count286
\c@citecount=\count287
\c@citetotal=\count288
\c@multicitecount=\count289
\c@multicitetotal=\count290
\c@instcount=\count291
\c@maxnames=\count292
\c@minnames=\count293
\c@maxitems=\count294
\c@minitems=\count295
\c@citecounter=\count296
\c@maxcitecounter=\count297
\c@savedcitecounter=\count298
\c@uniquelist=\count299
\c@uniquename=\count300
\c@refsection=\count301
\c@refsegment=\count302
\c@maxextratitle=\count303
\c@maxextratitleyear=\count304
\c@maxextraname=\count305
\c@maxextradate=\count306
\c@maxextraalpha=\count307
\c@abbrvpenalty=\count308
\c@highnamepenalty=\count309
\c@lownamepenalty=\count310
\c@maxparens=\count311
\c@parenlevel=\count312
\blx@tempcnta=\count313
\blx@tempcntb=\count314
\blx@tempcntc=\count315
\blx@maxsection=\count316
\blx@maxsegment@0=\count317
\blx@notetype=\count318
\blx@parenlevel@text=\count319
\blx@parenlevel@foot=\count320
\blx@sectionciteorder@0=\count321
\blx@entrysetcounter=\count322
\labelnumberwidth=\skip69
\labelalphawidth=\skip70
\biblabelsep=\skip71
\bibitemsep=\skip72
\bibnamesep=\skip73
\bibinitsep=\skip74
\bibparsep=\skip75
\bibhang=\skip76
\blx@bcfin=\read3
\blx@bcfout=\write3
\blx@langwohyphens=\language78
\c@mincomprange=\count323
\c@maxcomprange=\count324
\c@mincompwidth=\count325
Package biblatex Info: Trying to load biblatex default data model...
Package biblatex Info: ... file 'blx-dm.def' found.

("C:\Users\pavan\AppData\Local\Programs\MiKTeX 2.9\tex/latex/biblatex\blx-dm.de
f"
File: blx-dm.def 2019/12/01 v3.14 biblatex localization (PK/MW)
)
Package biblatex Info: Trying to load biblatex style data model...
Package biblatex Info: ... file 'ieee.dbx' not found.
Package biblatex Info: Trying to load biblatex custom data model...
Package biblatex Info: ... file 'biblatex-dm.cfg' not found.
\c@afterword=\count326
\c@savedafterword=\count327
\c@annotator=\count328
\c@savedannotator=\count329
\c@author=\count330
\c@savedauthor=\count331
\c@bookauthor=\count332
\c@savedbookauthor=\count333
\c@commentator=\count334
\c@savedcommentator=\count335
\c@editor=\count336
\c@savededitor=\count337
\c@editora=\count338
\c@savededitora=\count339
\c@editorb=\count340
\c@savededitorb=\count341
\c@editorc=\count342
\c@savededitorc=\count343
\c@foreword=\count344
\c@savedforeword=\count345
\c@holder=\count346
\c@savedholder=\count347
\c@introduction=\count348
\c@savedintroduction=\count349
\c@namea=\count350
\c@savednamea=\count351
\c@nameb=\count352
\c@savednameb=\count353
\c@namec=\count354
\c@savednamec=\count355
\c@translator=\count356
\c@savedtranslator=\count357
\c@shortauthor=\count358
\c@savedshortauthor=\count359
\c@shorteditor=\count360
\c@savedshorteditor=\count361
\c@labelname=\count362
\c@savedlabelname=\count363
\c@institution=\count364
\c@savedinstitution=\count365
\c@lista=\count366
\c@savedlista=\count367
\c@listb=\count368
\c@savedlistb=\count369
\c@listc=\count370
\c@savedlistc=\count371
\c@listd=\count372
\c@savedlistd=\count373
\c@liste=\count374
\c@savedliste=\count375
\c@listf=\count376
\c@savedlistf=\count377
\c@location=\count378
\c@savedlocation=\count379
\c@organization=\count380
\c@savedorganization=\count381
\c@origlocation=\count382
\c@savedoriglocation=\count383
\c@origpublisher=\count384
\c@savedorigpublisher=\count385
\c@publisher=\count386
\c@savedpublisher=\count387
\c@language=\count388
\c@savedlanguage=\count389
\c@origlanguage=\count390
\c@savedoriglanguage=\count391
\c@pageref=\count392
\c@savedpageref=\count393
\shorthandwidth=\skip77
\shortjournalwidth=\skip78
\shortserieswidth=\skip79
\shorttitlewidth=\skip80
\shortauthorwidth=\skip81
\shorteditorwidth=\skip82
\locallabelnumberwidth=\skip83
\locallabelalphawidth=\skip84
\localshorthandwidth=\skip85
\localshortjournalwidth=\skip86
\localshortserieswidth=\skip87
\localshorttitlewidth=\skip88
\localshortauthorwidth=\skip89
\localshorteditorwidth=\skip90
Package biblatex Info: Trying to load compatibility code...
Package biblatex Info: ... file 'blx-compat.def' found.

("C:\Users\pavan\AppData\Local\Programs\MiKTeX 2.9\tex/latex/biblatex\blx-compa
t.def"
File: blx-compat.def 2019/12/01 v3.14 biblatex compatibility (PK/MW)
)
Package biblatex Info: Trying to load BibTeX backend compatibility...
Package biblatex Info: ... file 'blx-bibtex.def' found.

("C:\Users\pavan\AppData\Local\Programs\MiKTeX 2.9\tex/latex/biblatex\blx-bibte
x.def"
File: blx-bibtex.def 2019/12/01 v3.14 biblatex compatibility (PK/MW)


Package biblatex Warning: Using fall-back BibTeX(8) backend:
(biblatex)                functionality may be reduced/unavailable.

)
Package biblatex Info: Trying to load generic definitions...
Package biblatex Info: ... file 'biblatex.def' found.

("C:\Users\pavan\AppData\Local\Programs\MiKTeX 2.9\tex/latex/biblatex\biblatex.
def"
File: biblatex.def 2019/12/01 v3.14 biblatex compatibility (PK/MW)
\c@textcitecount=\count394
\c@textcitetotal=\count395
\c@textcitemaxnames=\count396
\c@biburlbigbreakpenalty=\count397
\c@biburlbreakpenalty=\count398
\c@biburlnumpenalty=\count399
\c@biburlucpenalty=\count400
\c@biburllcpenalty=\count401
\biburlbigskip=\muskip18
\biburlnumskip=\muskip19
\biburlucskip=\muskip20
\biburllcskip=\muskip21
\c@smartand=\count402
)
Package biblatex Info: Trying to load bibliography style 'ieee'...
Package biblatex Info: ... file 'ieee.bbx' found.

("C:\Users\pavan\AppData\Local\Programs\MiKTeX 2.9\tex/latex/biblatex-ieee\ieee
.bbx"
File: ieee.bbx 2020/02/26 v1.3b biblatex bibliography style
Package biblatex Info: Trying to load bibliography style 'numeric-comp'...
Package biblatex Info: ... file 'numeric-comp.bbx' found.

("C:\Users\pavan\AppData\Local\Programs\MiKTeX 2.9\tex/latex/biblatex/bbx\numer
ic-comp.bbx"
File: numeric-comp.bbx 2019/12/01 v3.14 biblatex bibliography style (PK/MW)
Package biblatex Info: Trying to load bibliography style 'numeric'...
Package biblatex Info: ... file 'numeric.bbx' found.

("C:\Users\pavan\AppData\Local\Programs\MiKTeX 2.9\tex/latex/biblatex/bbx\numer
ic.bbx"
File: numeric.bbx 2019/12/01 v3.14 biblatex bibliography style (PK/MW)
Package biblatex Info: Trying to load bibliography style 'standard'...
Package biblatex Info: ... file 'standard.bbx' found.

("C:\Users\pavan\AppData\Local\Programs\MiKTeX 2.9\tex/latex/biblatex/bbx\stand
ard.bbx"
File: standard.bbx 2019/12/01 v3.14 biblatex bibliography style (PK/MW)
\c@bbx:relatedcount=\count403
\c@bbx:relatedtotal=\count404
))))
Package biblatex Info: Trying to load citation style 'ieee'...
Package biblatex Info: ... file 'ieee.cbx' found.

("C:\Users\pavan\AppData\Local\Programs\MiKTeX 2.9\tex/latex/biblatex-ieee\ieee
.cbx"
File: ieee.cbx 2020/02/26 v1.3b biblatex citation style
Package biblatex Info: Trying to load citation style 'numeric-comp'...
Package biblatex Info: ... file 'numeric-comp.cbx' found.

("C:\Users\pavan\AppData\Local\Programs\MiKTeX 2.9\tex/latex/biblatex/cbx\numer
ic-comp.cbx"
File: numeric-comp.cbx 2019/12/01 v3.14 biblatex citation style (PK/MW)
\c@cbx@tempcnta=\count405
\c@cbx@tempcntb=\count406
Package biblatex Info: Redefining '\cite'.
Package biblatex Info: Redefining '\parencite'.
Package biblatex Info: Redefining '\footcite'.
Package biblatex Info: Redefining '\footcitetext'.
Package biblatex Info: Redefining '\smartcite'.
Package biblatex Info: Redefining '\supercite'.
Package biblatex Info: Redefining '\textcite'.
Package biblatex Info: Redefining '\textcites'.
Package biblatex Info: Redefining '\cites'.
Package biblatex Info: Redefining '\parencites'.
Package biblatex Info: Redefining '\smartcites'.
)
Package biblatex Info: Redefining '\cite'.
Package biblatex Info: Redefining '\cites'.
)
Package biblatex Info: Trying to load configuration file...
Package biblatex Info: ... file 'biblatex.cfg' found.

("C:\Users\pavan\AppData\Local\Programs\MiKTeX 2.9\tex/latex/biblatex\biblatex.
cfg"
File: biblatex.cfg 
))
("C:\Users\pavan\AppData\Local\Programs\MiKTeX 2.9\tex/latex/csquotes\csquotes.
sty"
Package: csquotes 2019-12-06 v5.2j context-sensitive quotations (JAW)
\csq@reset=\count407
\csq@gtype=\count408
\csq@glevel=\count409
\csq@qlevel=\count410
\csq@maxlvl=\count411
\csq@tshold=\count412
\csq@ltx@everypar=\toks29

("C:\Users\pavan\AppData\Local\Programs\MiKTeX 2.9\tex/latex/csquotes\csquotes.
def"
File: csquotes.def 2019-12-06 v5.2j csquotes generic definitions (JAW)
)
Package csquotes Info: Trying to load configuration file 'csquotes.cfg'...
Package csquotes Info: ... configuration file loaded successfully.

("C:\Users\pavan\AppData\Local\Programs\MiKTeX 2.9\tex/latex/csquotes\csquotes.
cfg"
File: csquotes.cfg 
)) ("C:\Users\pavan\AppData\Local\Programs\MiKTeX 2.9\tex/latex/tools\bm.sty"
Package: bm 2019/07/24 v1.2d Bold Symbol Support (DPC/FMi)
\symboldoperators=\mathgroup6
\symboldletters=\mathgroup7
\symboldsymbols=\mathgroup8
LaTeX Font Info:    Redeclaring math alphabet \mathbf on input line 141.
LaTeX Info: Redefining \bm on input line 209.
)
("C:\Users\pavan\AppData\Local\Programs\MiKTeX 2.9\tex/latex/siunitx\siunitx.st
y"
("C:\Users\pavan\AppData\Local\Programs\MiKTeX 2.9\tex/latex/l3kernel\expl3.sty
"
Package: expl3 2020-04-06 L3 programming layer (loader) 

("C:\Users\pavan\AppData\Local\Programs\MiKTeX 2.9\tex/latex/l3backend\l3backen
d-pdfmode.def"
File: l3backend-pdfmode.def 2020-03-12 L3 backend support: PDF mode
\l__kernel_color_stack_int=\count413
\l__pdf_internal_box=\box54
))
("C:\Users\pavan\AppData\Local\Programs\MiKTeX 2.9\tex/latex/l3packages/xparse\
xparse.sty"
Package: xparse 2020-03-06 L3 Experimental document command parser
\l__xparse_current_arg_int=\count414
\g__xparse_grabber_int=\count415
\l__xparse_m_args_int=\count416
\l__xparse_v_nesting_int=\count417
)
Package: siunitx 2020/02/25 v2.8b A comprehensive (SI) units package

("C:\Users\pavan\AppData\Local\Programs\MiKTeX 2.9\tex/latex/tools\array.sty"
Package: array 2019/08/31 v2.4l Tabular extension package (FMi)
\col@sep=\dimen173
\ar@mcellbox=\box55
\extrarowheight=\dimen174
\NC@list=\toks30
\extratabsurround=\skip91
\backup@length=\skip92
\ar@cellbox=\box56
)
("C:\Users\pavan\AppData\Local\Programs\MiKTeX 2.9\tex/latex/l3packages/l3keys2
e\l3keys2e.sty"
Package: l3keys2e 2020-03-06 LaTeX2e option processing using LaTeX3 keys
)
\l__siunitx_tmp_box=\box57
\l__siunitx_tmp_dim=\dimen175
\l__siunitx_tmp_int=\count418
\l__siunitx_number_mantissa_length_int=\count419
\l__siunitx_number_uncert_length_int=\count420
\l__siunitx_round_int=\count421
\l__siunitx_process_decimal_int=\count422
\l__siunitx_process_uncertainty_int=\count423
\l__siunitx_process_fixed_int=\count424
\l__siunitx_process_integer_min_int=\count425
\l__siunitx_process_precision_int=\count426
\l__siunitx_group_min_int=\count427
\l__siunitx_angle_marker_box=\box58
\l__siunitx_angle_unit_box=\box59
\l__siunitx_angle_marker_dim=\dimen176
\l__siunitx_angle_unit_dim=\dimen177
\l__siunitx_unit_int=\count428
\l__siunitx_unit_denominator_int=\count429
\l__siunitx_unit_numerator_int=\count430
\l__siunitx_unit_prefix_int=\count431
\l__siunitx_unit_prefix_base_int=\count432
\l__siunitx_unit_prefix_gram_int=\count433
\l__siunitx_number_product_int=\count434
\c__siunitx_one_fill_skip=\skip93
\l__siunitx_table_unit_align_skip=\skip94
\l__siunitx_table_exponent_dim=\dimen178
\l__siunitx_table_integer_dim=\dimen179
\l__siunitx_table_mantissa_dim=\dimen180
\l__siunitx_table_marker_dim=\dimen181
\l__siunitx_table_result_dim=\dimen182
\l__siunitx_table_uncert_dim=\dimen183
\l__siunitx_table_fill_pre_dim=\dimen184
\l__siunitx_table_fill_post_dim=\dimen185
\l__siunitx_table_fill_mid_dim=\dimen186
\l__siunitx_table_pre_box=\box60
\l__siunitx_table_post_box=\box61
\l__siunitx_table_mantissa_box=\box62
\l__siunitx_table_result_box=\box63
\l__siunitx_table_number_align_skip=\skip95
\l__siunitx_table_text_align_skip=\skip96

("C:\Users\pavan\AppData\Local\Programs\MiKTeX 2.9\tex/latex/translator\transla
tor.sty"
Package: translator 2019-05-31 v1.12a Easy translation of strings in LaTeX
))
Package csquotes Info: Checking for multilingual support...
Package csquotes Info: ... found 'babel' package.
Package csquotes Info: Adjusting default style.
Package csquotes Info: Redefining alias 'default' -> 'english'.
 (main.aux

LaTeX Warning: Label `fig:2D_3D' multiply defined.


LaTeX Warning: Label `fig:2D_3D@cref' multiply defined.


LaTeX Warning: Label `eq:min_geometric' multiply defined.


LaTeX Warning: Label `eq:min_geometric@cref' multiply defined.


LaTeX Warning: Label `eq:mat_pixel_t_camera' multiply defined.


LaTeX Warning: Label `eq:mat_pixel_t_camera@cref' multiply defined.


LaTeX Warning: Label `eq:solution_orthogonal_procrustes_problem' multiply defin
ed.


LaTeX Warning: Label `eq:solution_orthogonal_procrustes_problem@cref' multiply 
defined.


LaTeX Warning: Label `eq:compute_closest_point' multiply defined.


LaTeX Warning: Label `eq:compute_closest_point@cref' multiply defined.

(chapters/declaration.aux))
\openout1 = `main.aux'.

LaTeX Font Info:    Checking defaults for OML/cmm/m/it on input line 46.
LaTeX Font Info:    ... okay on input line 46.
LaTeX Font Info:    Checking defaults for OMS/cmsy/m/n on input line 46.
LaTeX Font Info:    ... okay on input line 46.
LaTeX Font Info:    Checking defaults for OT1/cmr/m/n on input line 46.
LaTeX Font Info:    ... okay on input line 46.
LaTeX Font Info:    Checking defaults for T1/cmr/m/n on input line 46.
LaTeX Font Info:    ... okay on input line 46.
LaTeX Font Info:    Checking defaults for TS1/cmr/m/n on input line 46.
LaTeX Font Info:    ... okay on input line 46.
LaTeX Font Info:    Checking defaults for OMX/cmex/m/n on input line 46.
LaTeX Font Info:    ... okay on input line 46.
LaTeX Font Info:    Checking defaults for U/cmr/m/n on input line 46.
LaTeX Font Info:    ... okay on input line 46.
LaTeX Font Info:    Checking defaults for PD1/pdf/m/n on input line 46.
LaTeX Font Info:    ... okay on input line 46.
LaTeX Font Info:    Trying to load font information for T1+lmr on input line 46
.

("C:\Users\pavan\AppData\Local\Programs\MiKTeX 2.9\tex/latex/lm\t1lmr.fd"
File: t1lmr.fd 2009/10/30 v1.6 Font defs for Latin Modern
)
Package scrbase Info: activating english \contentsname on input line 46.
Package scrbase Info: activating english \listfigurename on input line 46.
Package scrbase Info: activating english \listtablename on input line 46.

("C:\Users\pavan\AppData\Local\Programs\MiKTeX 2.9\tex/context/base/mkii\supp-p
df.mkii"
[Loading MPS to PDF converter (version 2006.09.02).]
\scratchcounter=\count435
\scratchdimen=\dimen187
\scratchbox=\box64
\nofMPsegments=\count436
\nofMParguments=\count437
\everyMPshowfont=\toks31
\MPscratchCnt=\count438
\MPscratchDim=\dimen188
\MPnumerator=\count439
\makeMPintoPDFobject=\count440
\everyMPtoPDFconversion=\toks32
)
("C:\Users\pavan\AppData\Local\Programs\MiKTeX 2.9\tex/latex/epstopdf-pkg\epsto
pdf-base.sty"
Package: epstopdf-base 2020-01-24 v2.11 Base part for package epstopdf
Package epstopdf-base Info: Redefining graphics rule for `.eps' on input line 4
85.
)
Package scrbase Info: activating english \projectpapername on input line 46.
Package scrbase Info: activating english \seminarpapername on input line 46.
Package scrbase Info: activating english \studentresearchname on input line 46.

Package scrbase Info: activating english \diplomathesisname on input line 46.
Package scrbase Info: activating english \degreethesisname on input line 46.
Package scrbase Info: activating english \masterthesisname on input line 46.
Package scrbase Info: activating english \bachelorthesisname on input line 46.
Package scrbase Info: activating english \ordinal on input line 46.
Package scrbase Info: activating english \presentedbyname on input line 46.
Package scrbase Info: activating english \supervisorname on input line 46.
Package scrbase Info: activating english \supervisorsname on input line 46.
Package scrbase Info: activating english \authorname on input line 46.
Package scrbase Info: activating english \titlename on input line 46.
Package scrbase Info: activating english \datename on input line 46.
Package scrbase Info: activating english \thename on input line 46.
Package scrbase Info: activating english \ofthename on input line 46.
Package scrbase Info: activating english \fromname on input line 46.
Package scrbase Info: activating english \fromplacename on input line 46.
Package scrbase Info: activating english \articleAname on input line 46.
Package scrbase Info: activating english \writtenatthename on input line 46.
Package scrbase Info: activating english \incollaborationwithname on input line
 46.
Package scrbase Info: activating english \submittedinpartialfulfillmentname on 
input line 46.
Package scrbase Info: activating english \refereename on input line 46.
Package scrbase Info: activating english \refereesname on input line 46.
Package scrbase Info: activating english \oralexaminationdatename on input line
 46.
Package scrbase Info: activating english \durationname on input line 46.
Package scrbase Info: activating english \matriculationnumbername on input line
 46.
Package scrbase Info: activating english \coursename on input line 46.
Package scrbase Info: activating english \companyname on input line 46.
Package scrbase Info: activating english \examinationname on input line 46.
Package scrbase Info: activating english \buildingname on input line 46.
Package scrbase Info: activating english \tuhhname on input line 46.
Package scrbase Info: activating english \mtecname on input line 46.
\AtBeginShipoutBox=\box65
Package hyperref Info: Link coloring OFF on input line 46.

("C:\Users\pavan\AppData\Local\Programs\MiKTeX 2.9\tex/latex/hyperref\nameref.s
ty"
Package: nameref 2019/09/16 v2.46 Cross-referencing by name of section

("C:\Users\pavan\AppData\Local\Programs\MiKTeX 2.9\tex/latex/refcount\refcount.
sty"
Package: refcount 2019/12/15 v3.6 Data extraction from label references (HO)
)
("C:\Users\pavan\AppData\Local\Programs\MiKTeX 2.9\tex/generic/gettitlestring\g
ettitlestring.sty"
Package: gettitlestring 2019/12/15 v1.6 Cleanup title references (HO)
)
\c@section@level=\count441
)
LaTeX Info: Redefining \ref on input line 46.
LaTeX Info: Redefining \pageref on input line 46.
LaTeX Info: Redefining \nameref on input line 46.
 (main.out) (main.out)
\@outlinefile=\write4
\openout4 = `main.out'.

Class scrbook Info: loading recommended package `bookmark'.
(scrbook)           Using `bookmark' together with `hyperref' is recommended,
(scrbook)           because of handling of possible bookmark level gaps.
(scrbook)           You can avoid loading `bookmark' with KOMA-Script option
(scrbook)           `bookmarkpackage=false' before \begin{document} and
(scrbook)           you can avoid this message adding:
(scrbook)             \usepackage{bookmark}
(scrbook)           before \begin{document} on input line 46.

("C:\Users\pavan\AppData\Local\Programs\MiKTeX 2.9\tex/latex/bookmark\bookmark.
sty"
Package: bookmark 2019/12/03 v1.28 PDF bookmarks (HO)

("C:\Users\pavan\AppData\Local\Programs\MiKTeX 2.9\tex/latex/bookmark\bkm-pdfte
x.def"
File: bkm-pdftex.def 2019/12/03 v1.28 bookmark driver for pdfTeX (HO)
Package auxhook Info: \AddLineBeginMainAux comes a little late,
(auxhook)             because the main .aux file is already opened on input lin
e 168.
\BKM@id=\count442
))
Package caption Info: Begin \AtBeginDocument code.
Package caption Info: End \AtBeginDocument code.
LaTeX Info: Redefining \microtypecontext on input line 46.
Package microtype Info: Generating PDF output.
Package microtype Info: Character protrusion enabled (level 2).
Package microtype Info: Using default protrusion set `alltext'.
Package microtype Info: Automatic font expansion enabled (level 2),
(microtype)             stretch: 20, shrink: 20, step: 1, non-selected.
Package microtype Info: Using default expansion set `basictext'.
LaTeX Info: Redefining \showhyphens on input line 46.
Package microtype Info: Tracking enabled.
Package microtype Info: Using default tracking set `smallcaps'.
Package microtype Info: No adjustment of interword spacing.
Package microtype Info: No adjustment of character kerning.

("C:\Users\pavan\AppData\Local\Programs\MiKTeX 2.9\tex/latex/microtype\mt-cmr.c
fg"
File: mt-cmr.cfg 2013/05/19 v2.2 microtype config. file: Computer Modern Roman 
(RS)
)
Package biblatex Info: Trying to load language 'english'...
Package biblatex Info: ... file 'english.lbx' found.

("C:\Users\pavan\AppData\Local\Programs\MiKTeX 2.9\tex/latex/biblatex/lbx\engli
sh.lbx"
File: english.lbx 2019/12/01 v3.14 biblatex localization (PK/MW)
)
Package biblatex Info: Input encoding 'utf8' detected.
Package biblatex Info: Automatic encoding selection.
(biblatex)             Assuming data encoding 'utf8'.
Package biblatex Info: Input encoding 'utf8' specified.
Package biblatex Info: Data encoding 'utf8' specified.
(biblatex)             No need to reencode data.
\openout3 = `main-blx.bib'.

Package biblatex Info: Trying to load bibliographic data...
Package biblatex Info: ... file 'main.bbl' found.
 (main.bbl

Package biblatex Warning: BibTeX reported the following issues
(biblatex)                with 'Zhang':
(biblatex)                - Invalid format of field 'month'.

)
Package biblatex Info: Reference section=0 on input line 46.
Package biblatex Info: Reference segment=0 on input line 46.

("C:\Users\pavan\AppData\Local\Programs\MiKTeX 2.9\tex/latex/translator\transla
tor-basic-dictionary-English.dict"
Dictionary: translator-basic-dictionary, Language: English 
)
("C:\Users\pavan\AppData\Local\Programs\MiKTeX 2.9\tex/latex/siunitx\siunitx-ab
breviations.cfg"
File: siunitx-abbreviations.cfg 2017/11/26 v2.7k siunitx: Abbreviated units
)
LaTeX Font Info:    Trying to load font information for OT1+lmr on input line 4
6.

("C:\Users\pavan\AppData\Local\Programs\MiKTeX 2.9\tex/latex/lm\ot1lmr.fd"
File: ot1lmr.fd 2009/10/30 v1.6 Font defs for Latin Modern
)
LaTeX Font Info:    Trying to load font information for OML+lmm on input line 4
6.

("C:\Users\pavan\AppData\Local\Programs\MiKTeX 2.9\tex/latex/lm\omllmm.fd"
File: omllmm.fd 2009/10/30 v1.6 Font defs for Latin Modern
)
LaTeX Font Info:    Trying to load font information for OMS+lmsy on input line 
46.

("C:\Users\pavan\AppData\Local\Programs\MiKTeX 2.9\tex/latex/lm\omslmsy.fd"
File: omslmsy.fd 2009/10/30 v1.6 Font defs for Latin Modern
)
LaTeX Font Info:    Trying to load font information for OMX+lmex on input line 
46.

("C:\Users\pavan\AppData\Local\Programs\MiKTeX 2.9\tex/latex/lm\omxlmex.fd"
File: omxlmex.fd 2009/10/30 v1.6 Font defs for Latin Modern
)
LaTeX Font Info:    External font `lmex10' loaded for size
(Font)              <10.95> on input line 46.
LaTeX Font Info:    External font `lmex10' loaded for size
(Font)              <8> on input line 46.
LaTeX Font Info:    External font `lmex10' loaded for size
(Font)              <6> on input line 46.
LaTeX Font Info:    Trying to load font information for U+msa on input line 46.


("C:\Users\pavan\AppData\Local\Programs\MiKTeX 2.9\tex/latex/amsfonts\umsa.fd"
File: umsa.fd 2013/01/14 v3.01 AMS symbols A
)
("C:\Users\pavan\AppData\Local\Programs\MiKTeX 2.9\tex/latex/microtype\mt-msa.c
fg"
File: mt-msa.cfg 2006/02/04 v1.1 microtype config. file: AMS symbols (a) (RS)
)
LaTeX Font Info:    Trying to load font information for U+msb on input line 46.


("C:\Users\pavan\AppData\Local\Programs\MiKTeX 2.9\tex/latex/amsfonts\umsb.fd"
File: umsb.fd 2013/01/14 v3.01 AMS symbols B
)
("C:\Users\pavan\AppData\Local\Programs\MiKTeX 2.9\tex/latex/microtype\mt-msb.c
fg"
File: mt-msb.cfg 2005/06/01 v1.0 microtype config. file: AMS symbols (b) (RS)
)
LaTeX Font Info:    Trying to load font information for OT1+lmss on input line 
46.
 ("C:\Users\pavan\AppData\Local\Programs\MiKTeX 2.9\tex/latex/lm\ot1lmss.fd"
File: ot1lmss.fd 2009/10/30 v1.6 Font defs for Latin Modern
)
Package microtype Info: Loading generic protrusion settings for font family
(microtype)             `lmss' (encoding: OT1).
(microtype)             For optimal results, create family-specific settings.
(microtype)             See the microtype manual for details.
LaTeX Font Info:    Trying to load font information for OT1+lmtt on input line 
46.
 ("C:\Users\pavan\AppData\Local\Programs\MiKTeX 2.9\tex/latex/lm\ot1lmtt.fd"
File: ot1lmtt.fd 2009/10/30 v1.6 Font defs for Latin Modern
)
Package microtype Info: Loading generic protrusion settings for font family
(microtype)             `lmtt' (encoding: OT1).
(microtype)             For optimal results, create family-specific settings.
(microtype)             See the microtype manual for details.
Package titlepage Info: leaving not defined pre-title page empty on input line 
52.
Package titlepage Info: leaving not defined back of pre-title page empty on inp
ut line 52.
<logo/logo_tuhh_en.pdf, id=3, 1204.5pt x 329.23pt>
File: logo/logo_tuhh_en.pdf Graphic file (type pdf)
<use logo/logo_tuhh_en.pdf>
Package pdftex.def Info: logo/logo_tuhh_en.pdf  used on input line 52.
(pdftex.def)             Requested size: 341.43314pt x 93.32413pt.
LaTeX Font Info:    External font `lmex10' loaded for size
(Font)              <14.4> on input line 52.
LaTeX Font Info:    External font `lmex10' loaded for size
(Font)              <10> on input line 52.
LaTeX Font Info:    External font `lmex10' loaded for size
(Font)              <7> on input line 52.
LaTeX Font Info:    Trying to load font information for T1+lmss on input line 5
2.
("C:\Users\pavan\AppData\Local\Programs\MiKTeX 2.9\tex/latex/lm\t1lmss.fd"
File: t1lmss.fd 2009/10/30 v1.6 Font defs for Latin Modern
)
Package microtype Info: Loading generic protrusion settings for font family
(microtype)             `lmss' (encoding: T1).
(microtype)             For optimal results, create family-specific settings.
(microtype)             See the microtype manual for details.
<logo/logo_mtec.pdf, id=4, 949.14622pt x 305.99626pt>
File: logo/logo_mtec.pdf Graphic file (type pdf)
<use logo/logo_mtec.pdf>
Package pdftex.def Info: logo/logo_mtec.pdf  used on input line 52.
(pdftex.def)             Requested size: 105.89813pt x 34.1433pt.

[1




{C:/Users/pavan/AppData/Local/MiKTeX/2.9/pdftex/config/pdftex.map} <./logo/logo
_tuhh_en.pdf> <./logo/logo_mtec.pdf

pdfTeX warning: pdflatex.exe (file ./logo/logo_mtec.pdf): PDF inclusion: multip
le pdfs with page group included in a single page
>] [2


]
Package titlepage Info: leaving not defined back of main-title page empty on in
put line 52.
Package titlepage Info: leaving not defined post-title page empty on input line
 52.
Package titlepage Info: leaving not defined back of post-title page empty on in
put line 52.
 [3] [4


]
chapter 1.

Class scrbook Warning: \float@addtolists detected!
(scrbook)              Implementation of \float@addtolist became
(scrbook)              deprecated in KOMA-Script v3.01 2008/11/14 and
(scrbook)              has been replaced by several more flexible
(scrbook)              features of package `tocbasic`.
(scrbook)              Since Version 3.12 support for deprecated
(scrbook)              \float@addtolist interface has been
(scrbook)              restricted to only some of the KOMA-Script
(scrbook)              features and been removed from others.
(scrbook)              Loading of package `scrhack' may help to
(scrbook)              avoid this warning, if you are using a
(scrbook)              a package that still implements the
(scrbook)              deprecated \float@addtolist interface.

(chapters/introduction.tex [1

]) [2]
chapter 2.
(chapters/background.tex
<./figures/perspective_projection_4.png, id=72, 457.71pt x 331.2375pt>
File: ./figures/perspective_projection_4.png Graphic file (type png)
<use ./figures/perspective_projection_4.png>
Package pdftex.def Info: ./figures/perspective_projection_4.png  used on input 
line 7.
(pdftex.def)             Requested size: 228.85445pt x 165.61833pt.

Underfull \hbox (badness 10000) in paragraph at lines 14--15

 []

[3

 <./figures/perspective_projection_4.png>]
<./figures/mm_to_pixel.png, id=97, 410.13225pt x 289.08pt>
File: ./figures/mm_to_pixel.png Graphic file (type png)
<use ./figures/mm_to_pixel.png>
Package pdftex.def Info: ./figures/mm_to_pixel.png  used on input line 35.
(pdftex.def)             Requested size: 415.84805pt x 293.11093pt.

Underfull \hbox (badness 10000) in paragraph at lines 40--41

 []

[4 <./figures/mm_to_pixel.png>]
<./figures/2D_3D.png, id=120, 801.59476pt x 426.99525pt>
File: ./figures/2D_3D.png Graphic file (type png)
<use ./figures/2D_3D.png>
Package pdftex.def Info: ./figures/2D_3D.png  used on input line 159.
(pdftex.def)             Requested size: 415.84805pt x 221.51758pt.
 [5] [6 <./figures/2D_3D.png>]
Underfull \hbox (badness 10000) in paragraph at lines 225--226

 []


Underfull \hbox (badness 10000) in paragraph at lines 227--228

 []


Underfull \hbox (badness 10000) in paragraph at lines 236--238

 []


Underfull \hbox (badness 10000) in paragraph at lines 253--254

 []

[7]
<./figures/2D_2D.png, id=159, 733.7814pt x 531.9072pt>
File: ./figures/2D_2D.png Graphic file (type png)
<use ./figures/2D_2D.png>
Package pdftex.def Info: ./figures/2D_2D.png  used on input line 260.
(pdftex.def)             Requested size: 415.84805pt x 301.45337pt.
 [8 <./figures/2D_2D.png>]
Underfull \hbox (badness 10000) in paragraph at lines 347--348

 []


Underfull \hbox (badness 10000) in paragraph at lines 352--354

 []


Underfull \hbox (badness 10000) in paragraph at lines 355--356

 []


Underfull \hbox (badness 10000) in paragraph at lines 357--358

 []


Underfull \hbox (badness 10000) in paragraph at lines 366--368

 []

[9]
Underfull \hbox (badness 10000) in paragraph at lines 381--383

 []


Underfull \hbox (badness 10000) in paragraph at lines 389--391

 []


Underfull \hbox (badness 10000) in paragraph at lines 424--425

 []

[10]
<./figures/distortion.png, id=193, 566.71725pt x 219.219pt>
File: ./figures/distortion.png Graphic file (type png)
<use ./figures/distortion.png>
Package pdftex.def Info: ./figures/distortion.png  used on input line 442.
(pdftex.def)             Requested size: 415.84805pt x 160.86478pt.
 [11 <./figures/distortion.png>]
<./figures/handeye_calibration.png, id=206, 533.05188pt x 404.03296pt>
File: ./figures/handeye_calibration.png Graphic file (type png)
<use ./figures/handeye_calibration.png>
Package pdftex.def Info: ./figures/handeye_calibration.png  used on input line 
509.
(pdftex.def)             Requested size: 266.52528pt x 202.01598pt.
 [12] [13 <./figures/handeye_calibration.png>]
Underfull \hbox (badness 10000) in paragraph at lines 582--583

 []


Underfull \hbox (badness 10000) in paragraph at lines 585--586

 []

[14]
Underfull \hbox (badness 10000) in paragraph at lines 696--698

 []

[15] [16]
Underfull \hbox (badness 10000) in paragraph at lines 773--775

 []


Underfull \hbox (badness 10000) in paragraph at lines 777--779

 []


Underfull \hbox (badness 10000) in paragraph at lines 780--782

 []

[17]
Underfull \hbox (badness 10000) in paragraph at lines 792--794

 []

<./figures/graph_based_slam.png, id=292, 830.6232pt x 96.8418pt>
File: ./figures/graph_based_slam.png Graphic file (type png)
<use ./figures/graph_based_slam.png>
Package pdftex.def Info: ./figures/graph_based_slam.png  used on input line 811
.
(pdftex.def)             Requested size: 415.31058pt x 48.42076pt.
[18 <./figures/graph_based_slam.png>]
<./figures/graph_construction.png, id=306, 788.7066pt x 311.7246pt>
File: ./figures/graph_construction.png Graphic file (type png)
<use ./figures/graph_construction.png>
Package pdftex.def Info: ./figures/graph_construction.png  used on input line 8
22.
(pdftex.def)             Requested size: 354.91469pt x 140.27477pt.
<./figures/error_function.png, id=308, 314.6154pt x 280.8894pt>
File: ./figures/error_function.png Graphic file (type png)
<use ./figures/error_function.png>
Package pdftex.def Info: ./figures/error_function.png  used on input line 832.
(pdftex.def)             Requested size: 157.30731pt x 140.44435pt.
 [19 <./figures/graph_construction.png> <./figures/error_function.png>]
<./figures/yolo_detection.jpg, id=325, 408.02437pt x 333.49594pt>
File: ./figures/yolo_detection.jpg Graphic file (type jpg)
<use ./figures/yolo_detection.jpg>
Package pdftex.def Info: ./figures/yolo_detection.jpg  used on input line 908.
(pdftex.def)             Requested size: 203.76782pt x 166.54909pt.
<./figures/yolo_detection_2.jpg, id=326, 284.56313pt x 309.40594pt>
File: ./figures/yolo_detection_2.jpg Graphic file (type jpg)
<use ./figures/yolo_detection_2.jpg>
Package pdftex.def Info: ./figures/yolo_detection_2.jpg  used on input line 913
.
(pdftex.def)             Requested size: 153.86174pt x 167.29861pt.
 [20]) [21 <./figures/yolo_detection.jpg> <./figures/yolo_detection_2.jpg>]
chapter 3.
(chapters/software_architecture.tex
<./figures/algorithms_for_electrode_digitalization.png, id=346, 972.7542pt x 27
2.217pt>
File: ./figures/algorithms_for_electrode_digitalization.png Graphic file (type 
png)
<use ./figures/algorithms_for_electrode_digitalization.png>
Package pdftex.def Info: ./figures/algorithms_for_electrode_digitalization.png 
 used on input line 7.
(pdftex.def)             Requested size: 415.84805pt x 116.36981pt.
 [22

 <./figures/algorithms_for_electrode_digitalization.png>]) (chapters/experiment
al_setup.tex
<./figures/azure_kinect.png, id=363, 402.00188pt x 269.50688pt>
File: ./figures/azure_kinect.png Graphic file (type png)
<use ./figures/azure_kinect.png>
Package pdftex.def Info: ./figures/azure_kinect.png  used on input line 7.
(pdftex.def)             Requested size: 201.00044pt x 134.7531pt.
<./figures/azure_kinect_2.png, id=364, 383.18156pt x 272.51813pt>
File: ./figures/azure_kinect_2.png Graphic file (type png)
<use ./figures/azure_kinect_2.png>
Package pdftex.def Info: ./figures/azure_kinect_2.png  used on input line 9.
(pdftex.def)             Requested size: 199.25555pt x 141.71024pt.
<./figures/azure_kinect_3.png, id=365, 494.59781pt x 304.13625pt>
File: ./figures/azure_kinect_3.png Graphic file (type png)
<use ./figures/azure_kinect_3.png>
Package pdftex.def Info: ./figures/azure_kinect_3.png  used on input line 16.
(pdftex.def)             Requested size: 296.76097pt x 182.48315pt.
 [23]
<./figures/tracking_camera.png, id=383, 260.47313pt x 170.88844pt>
File: ./figures/tracking_camera.png Graphic file (type png)
<use ./figures/tracking_camera.png>
Package pdftex.def Info: ./figures/tracking_camera.png  used on input line 25.
(pdftex.def)             Requested size: 286.52132pt x 187.97786pt.
<./figures/robot.png, id=388, 402.00188pt x 232.61906pt>
File: ./figures/robot.png Graphic file (type png)
<use ./figures/robot.png>
Package pdftex.def Info: ./figures/robot.png  used on input line 36.
(pdftex.def)             Requested size: 415.84805pt x 240.62964pt.
<./figures/all_caps.png, id=389, 670.30424pt x 218.0145pt>
File: ./figures/all_caps.png Graphic file (type png)
<use ./figures/all_caps.png>
Package pdftex.def Info: ./figures/all_caps.png  used on input line 43.
(pdftex.def)             Requested size: 415.84805pt x 135.2574pt.
 [24 <./figures/azure_kinect.png> <./figures/azure_kinect_2.png> <./figures/azu
re_kinect_3.png>]
<./figures/markers.png, id=403, 877.8396pt x 248.127pt>
File: ./figures/markers.png Graphic file (type png)
<use ./figures/markers.png>
Package pdftex.def Info: ./figures/markers.png  used on input line 53.
(pdftex.def)             Requested size: 415.84805pt x 117.5435pt.
)
(chapters/camera_calibration.tex
Underfull \vbox (badness 10000) has occurred while \output is active []

 [25 <./figures/tracking_camera.png> <./figures/robot.png>]
<./figures/chessboard_corners.png, id=414, 514.92375pt x 504.6855pt>
File: ./figures/chessboard_corners.png Graphic file (type png)
<use ./figures/chessboard_corners.png>
Package pdftex.def Info: ./figures/chessboard_corners.png  used on input line 9
.
(pdftex.def)             Requested size: 203.76782pt x 199.71437pt.
<./figures/camera_calib_matlab.PNG, id=415, 533.5935pt x 364.36125pt>
File: ./figures/camera_calib_matlab.PNG Graphic file (type png)
<use ./figures/camera_calib_matlab.PNG>
Package pdftex.def Info: ./figures/camera_calib_matlab.PNG  used on input line 
15.
(pdftex.def)             Requested size: 203.76782pt x 139.14255pt.
LaTeX Font Info:    Trying to load font information for T1+lmtt on input line 2
4.

("C:\Users\pavan\AppData\Local\Programs\MiKTeX 2.9\tex/latex/lm\t1lmtt.fd"
File: t1lmtt.fd 2009/10/30 v1.6 Font defs for Latin Modern
)
Package microtype Info: Loading generic protrusion settings for font family
(microtype)             `lmtt' (encoding: T1).
(microtype)             For optimal results, create family-specific settings.
(microtype)             See the microtype manual for details.

[26 <./figures/all_caps.png> <./figures/markers.png>]
Overfull \hbox (2.65974pt too wide) in paragraph at lines 49--49
[]\T1/lmtt/m/n/10.95 cv2.ProjectPoints(object_points,rot_vecs,trans_vecs,intr_m
at,dist_coeffs)[] 
 []

<./figures/pose_estimation_sanity_check.png, id=427, 732.336pt x 296.307pt>
File: ./figures/pose_estimation_sanity_check.png Graphic file (type png)
<use ./figures/pose_estimation_sanity_check.png>
Package pdftex.def Info: ./figures/pose_estimation_sanity_check.png  used on in
put line 54.
(pdftex.def)             Requested size: 415.84805pt x 168.25925pt.
[27 <./figures/chessboard_corners.png> <./figures/camera_calib_matlab.PNG>]
<./figures/out_projection_600.png, id=440, 896.59969pt x 502.12593pt>
File: ./figures/out_projection_600.png Graphic file (type png)
<use ./figures/out_projection_600.png>
Package pdftex.def Info: ./figures/out_projection_600.png  used on input line 6
6.
(pdftex.def)             Requested size: 415.84805pt x 232.88852pt.
<./figures/out_projection_1800.png, id=441, 867.99281pt x 523.9575pt>
File: ./figures/out_projection_1800.png Graphic file (type png)
<use ./figures/out_projection_1800.png>
Package pdftex.def Info: ./figures/out_projection_1800.png  used on input line 
71.
(pdftex.def)             Requested size: 415.84805pt x 251.02504pt.
)
(chapters/data_acquisition.tex
<./figures/robotic_data_acquisition.png, id=443, 751.608pt x 455.7828pt>
File: ./figures/robotic_data_acquisition.png Graphic file (type png)
<use ./figures/robotic_data_acquisition.png>
Package pdftex.def Info: ./figures/robotic_data_acquisition.png  used on input 
line 7.
(pdftex.def)             Requested size: 415.84805pt x 252.17657pt.

Underfull \vbox (badness 4416) has occurred while \output is active []

 [28 <./figures/pose_estimation_sanity_check.png>]
<./figures/hand_data_acquisition.png, id=454, 593.5776pt x 483.2454pt>
File: ./figures/hand_data_acquisition.png Graphic file (type png)
<use ./figures/hand_data_acquisition.png>
Package pdftex.def Info: ./figures/hand_data_acquisition.png  used on input lin
e 19.
(pdftex.def)             Requested size: 415.84805pt x 338.55704pt.
 [29 <./figures/out_projection_600.png> <./figures/out_projection_1800.png>]
<./figures/fov_tracking_camera.png, id=465, 599.841pt x 492.8814pt>
File: ./figures/fov_tracking_camera.png Graphic file (type png)
<use ./figures/fov_tracking_camera.png>
Package pdftex.def Info: ./figures/fov_tracking_camera.png  used on input line 
28.
(pdftex.def)             Requested size: 415.84805pt x 341.70549pt.
<./figures/cut_trajectory.png, id=466, 612.8496pt x 456.7464pt>
File: ./figures/cut_trajectory.png Graphic file (type png)
<use ./figures/cut_trajectory.png>
Package pdftex.def Info: ./figures/cut_trajectory.png  used on input line 35.
(pdftex.def)             Requested size: 367.71259pt x 274.04996pt.
<./figures/handeye_calibration_hand_data.png, id=469, 804.1242pt x 434.1018pt>
File: ./figures/handeye_calibration_hand_data.png Graphic file (type png)
<use ./figures/handeye_calibration_hand_data.png>
Package pdftex.def Info: ./figures/handeye_calibration_hand_data.png  used on i
nput line 51.
(pdftex.def)             Requested size: 415.84805pt x 224.49557pt.
) (chapters/yolo_depth_point_cloud.tex
[30 <./figures/robotic_data_acquisition.png>]
File: ./figures/yolo_detection_2.jpg Graphic file (type jpg)
<use ./figures/yolo_detection_2.jpg>
Package pdftex.def Info: ./figures/yolo_detection_2.jpg  used on input line 6.
(pdftex.def)             Requested size: 203.76782pt x 221.5682pt.
<./figures/yolo_detection_depth_2.jpg, id=481, 407.5225pt x 507.8975pt>
File: ./figures/yolo_detection_depth_2.jpg Graphic file (type jpg)
<use ./figures/yolo_detection_depth_2.jpg>
Package pdftex.def Info: ./figures/yolo_detection_depth_2.jpg  used on input li
ne 11.
(pdftex.def)             Requested size: 174.65541pt x 217.67093pt.
<./figures/yolo_performance.png, id=482, 362.3136pt x 384.9582pt>
File: ./figures/yolo_performance.png Graphic file (type png)
<use ./figures/yolo_performance.png>
Package pdftex.def Info: ./figures/yolo_performance.png  used on input line 18.

(pdftex.def)             Requested size: 289.85127pt x 307.96698pt.
<./figures/camera_scans.png, id=484, 244.7544pt x 262.581pt>
File: ./figures/camera_scans.png Graphic file (type png)
<use ./figures/camera_scans.png>
Package pdftex.def Info: ./figures/camera_scans.png  used on input line 27.
(pdftex.def)             Requested size: 195.80377pt x 210.06506pt.

Underfull \vbox (badness 10000) has occurred while \output is active []

 [31 <./figures/hand_data_acquisition.png>]) (chapters/ground_truth_data_acquis
ition.tex
<./figures/ground_truth_data_acquisition.png, id=495, 566.115pt x 424.9476pt>
File: ./figures/ground_truth_data_acquisition.png Graphic file (type png)
<use ./figures/ground_truth_data_acquisition.png>
Package pdftex.def Info: ./figures/ground_truth_data_acquisition.png  used on i
nput line 5.
(pdftex.def)             Requested size: 415.84805pt x 312.16089pt.
<./figures/error_analysis.png, id=496, 773.289pt x 530.9436pt>
File: ./figures/error_analysis.png Graphic file (type png)
<use ./figures/error_analysis.png>
Package pdftex.def Info: ./figures/error_analysis.png  used on input line 12.
(pdftex.def)             Requested size: 415.84805pt x 285.52245pt.

[32 <./figures/fov_tracking_camera.png>]
<./figures/depth_offset_determination.png, id=508, 713.5458pt x 431.211pt>
File: ./figures/depth_offset_determination.png Graphic file (type png)
<use ./figures/depth_offset_determination.png>
Package pdftex.def Info: ./figures/depth_offset_determination.png  used on inpu
t line 21.
(pdftex.def)             Requested size: 415.84805pt x 251.30664pt.
 [33 <./figures/cut_trajectory.png> <./figures/handeye_calibration_hand_data.pn
g>]) (chapters/slam.tex [34 <./figures/yolo_detection_depth_2.jpg> <./figures/y
olo_performance.png>]
Underfull \vbox (badness 10000) has occurred while \output is active []

 [35 <./figures/camera_scans.png> <./figures/ground_truth_data_acquisition.png>
]
Overfull \vbox (8.87216pt too high) has occurred while \output is active []


[36 <./figures/error_analysis.png> <./figures/depth_offset_determination.png>]
<./figures/data_structure.png, id=537, 729.4452pt x 135.8676pt>
File: ./figures/data_structure.png Graphic file (type png)
<use ./figures/data_structure.png>
Package pdftex.def Info: ./figures/data_structure.png  used on input line 9.
(pdftex.def)             Requested size: 415.84805pt x 77.45569pt.
<./figures/pose_graph.png, id=538, 626.34pt x 415.7934pt>
File: ./figures/pose_graph.png Graphic file (type png)
<use ./figures/pose_graph.png>
Package pdftex.def Info: ./figures/pose_graph.png  used on input line 17.
(pdftex.def)             Requested size: 415.84805pt x 276.0677pt.

[37 <./figures/data_structure.png>]
<./figures/loop_closure.png, id=551, 641.7576pt x 390.258pt>
File: ./figures/loop_closure.png Graphic file (type png)
<use ./figures/loop_closure.png>
Package pdftex.def Info: ./figures/loop_closure.png  used on input line 33.
(pdftex.def)             Requested size: 415.84805pt x 252.87865pt.
<./figures/one_to_one_correspondence.png, id=552, 659.46375pt x 551.05875pt>
File: ./figures/one_to_one_correspondence.png Graphic file (type png)
<use ./figures/one_to_one_correspondence.png>
Package pdftex.def Info: ./figures/one_to_one_correspondence.png  used on input
 line 40.
(pdftex.def)             Requested size: 415.84805pt x 347.49677pt.
 [38 <./figures/pose_graph.png>]
<./figures/cluster_and_its_centers.png, id=562, 880.9713pt x 505.89pt>
File: ./figures/cluster_and_its_centers.png Graphic file (type png)
<use ./figures/cluster_and_its_centers.png>
Package pdftex.def Info: ./figures/cluster_and_its_centers.png  used on input l
ine 56.
(pdftex.def)             Requested size: 415.84805pt x 238.79498pt.
)
(chapters/metrics.tex
<./figures/metric_absolute_pose.png, id=565, 424.9476pt x 267.399pt>
File: ./figures/metric_absolute_pose.png Graphic file (type png)
<use ./figures/metric_absolute_pose.png>
Package pdftex.def Info: ./figures/metric_absolute_pose.png  used on input line
 5.
(pdftex.def)             Requested size: 415.84805pt x 261.67793pt.
<./figures/metric_icp_pose.png, id=566, 481.8pt x 312.2064pt>
File: ./figures/metric_icp_pose.png Graphic file (type png)
<use ./figures/metric_icp_pose.png>
Package pdftex.def Info: ./figures/metric_icp_pose.png  used on input line 12.
(pdftex.def)             Requested size: 415.84805pt x 269.4784pt.
 [39 <./figures/loop_closure.png>]
<./figures/absolute_3d_poition_error.png, id=583, 1104.2856pt x 600.5637pt>
File: ./figures/absolute_3d_poition_error.png Graphic file (type png)
<use ./figures/absolute_3d_poition_error.png>
Package pdftex.def Info: ./figures/absolute_3d_poition_error.png  used on input
 line 47.
(pdftex.def)             Requested size: 415.84805pt x 226.15471pt.
 [40 <./figures/one_to_one_correspondence.png>]
<./figures/trajectory_comparison.png, id=600, 1097.7813pt x 591.1686pt>
File: ./figures/trajectory_comparison.png Graphic file (type png)
<use ./figures/trajectory_comparison.png>
Package pdftex.def Info: ./figures/trajectory_comparison.png  used on input lin
e 54.
(pdftex.def)             Requested size: 415.84805pt x 223.9428pt.
<./figures/icp_gt.png, id=601, 1107.1764pt x 595.5048pt>
File: ./figures/icp_gt.png Graphic file (type png)
<use ./figures/icp_gt.png>
Package pdftex.def Info: ./figures/icp_gt.png  used on input line 61.
(pdftex.def)             Requested size: 415.84805pt x 223.66814pt.
) [41 <./figures/cluster_and_its_centers.png> <./figures/metric_absolute_pose.p
ng>] [42 <./figures/metric_icp_pose.png> <./figures/absolute_3d_poition_error.p
ng>] [43 <./figures/trajectory_comparison.png> <./figures/icp_gt.png>]
chapter 4.
(chapters/results.tex
<./figures/pixel_value_out_projection.png, id=625, 435.5472pt x 237.5274pt>
File: ./figures/pixel_value_out_projection.png Graphic file (type png)
<use ./figures/pixel_value_out_projection.png>
Package pdftex.def Info: ./figures/pixel_value_out_projection.png  used on inpu
t line 46.
(pdftex.def)             Requested size: 348.43822pt x 190.02217pt.
 [44

]
<./figures/depth_offset_robot_no_yolo.png, id=641, 614.7768pt x 316.5426pt>
File: ./figures/depth_offset_robot_no_yolo.png Graphic file (type png)
<use ./figures/depth_offset_robot_no_yolo.png>
Package pdftex.def Info: ./figures/depth_offset_robot_no_yolo.png  used on inpu
t line 58.
(pdftex.def)             Requested size: 332.6797pt x 171.29753pt.
<./figures/depth_offset_robot_yolo.png, id=642, 612.8496pt x 318.4698pt>
File: ./figures/depth_offset_robot_yolo.png Graphic file (type png)
<use ./figures/depth_offset_robot_yolo.png>
Package pdftex.def Info: ./figures/depth_offset_robot_yolo.png  used on input l
ine 65.
(pdftex.def)             Requested size: 332.6797pt x 172.87498pt.
<./figures/depth_offset_robot_cluster_no_yolo.png, id=645, 727.0362pt x 308.833
8pt>
File: ./figures/depth_offset_robot_cluster_no_yolo.png Graphic file (type png)
<use ./figures/depth_offset_robot_cluster_no_yolo.png>
Package pdftex.def Info: ./figures/depth_offset_robot_cluster_no_yolo.png  used
 on input line 77.
(pdftex.def)             Requested size: 415.84805pt x 176.64499pt.
<./figures/depth_offset_robot_cluster_yolo.png, id=646, 713.064pt x 308.352pt>
File: ./figures/depth_offset_robot_cluster_yolo.png Graphic file (type png)
<use ./figures/depth_offset_robot_cluster_yolo.png>
Package pdftex.def Info: ./figures/depth_offset_robot_cluster_yolo.png  used on
 input line 84.
(pdftex.def)             Requested size: 415.84805pt x 179.83234pt.
<./figures/depth_offset_beta_variations.png, id=647, 718.3638pt x 259.6902pt>
File: ./figures/depth_offset_beta_variations.png Graphic file (type png)
<use ./figures/depth_offset_beta_variations.png>
Package pdftex.def Info: ./figures/depth_offset_beta_variations.png  used on in
put line 93.
(pdftex.def)             Requested size: 415.84805pt x 150.33113pt.
LaTeX Font Info:    Trying to load font information for TS1+lmr on input line 1
29.

("C:\Users\pavan\AppData\Local\Programs\MiKTeX 2.9\tex/latex/lm\ts1lmr.fd"
File: ts1lmr.fd 2009/10/30 v1.6 Font defs for Latin Modern
)
[45 <./figures/pixel_value_out_projection.png>]) [46 <./figures/depth_offset_ro
bot_no_yolo.png> <./figures/depth_offset_robot_yolo.png>] [47 <./figures/depth_
offset_robot_cluster_no_yolo.png> <./figures/depth_offset_robot_cluster_yolo.pn
g> <./figures/depth_offset_beta_variations.png>]
chapter A.
(chapters/appendix.tex [48

]) [49]
chapter without number
[50


] [51] [52]
\openout2 = `chapters/declaration.aux'.

 (chapters/declaration.tex
chapter without number
)
Overfull \hbox (10.95pt too wide) in paragraph at lines 11--75
[]$[]$ 
 []

[53


]
Package atveryend Info: Empty hook `BeforeClearDocument' on input line 76.
Package atveryend Info: Empty hook `AfterLastShipout' on input line 76.
 (main.aux (chapters/declaration.aux))
Package atveryend Info: Executing hook `AtVeryEndDocument' on input line 76.
Package atveryend Info: Executing hook `AtEndAfterFileList' on input line 76.
Package rerunfilecheck Info: File `main.out' has not changed.
(rerunfilecheck)             Checksum: D41D8CD98F00B204E9800998ECF8427E;0.


LaTeX Warning: There were multiply-defined labels.

Package logreq Info: Writing requests to 'main.run.xml'.
\openout1 = `main.run.xml'.

Package atveryend Info: Empty hook `AtVeryVeryEnd' on input line 76.
 ) 
Here is how much of TeX's memory you used:
 30184 strings out of 480930
 616422 string characters out of 2899761
 1388888 words of memory out of 3000000
 45054 multiletter control sequences out of 15000+200000
 686652 words of font info for 216 fonts, out of 3000000 for 9000
 1141 hyphenation exceptions out of 8191
 64i,20n,106p,10123b,3085s stack positions out of 5000i,500n,10000p,200000b,50000s
{C:/Users/pavan/AppData/Local/Programs/MiKTeX 2.9/fonts/enc/dvips/lm/lm-ts1.e
nc}{C:/Users/pavan/AppData/Local/Programs/MiKTeX 2.9/fonts/enc/dvips/lm/lm-ec.e
nc}{C:/Users/pavan/AppData/Local/Programs/MiKTeX 2.9/fonts/enc/dvips/lm/lm-rmtt
.enc}{C:/Users/pavan/AppData/Local/Programs/MiKTeX 2.9/fonts/enc/dvips/lm/lm-rm
.enc}{C:/Users/pavan/AppData/Local/Programs/MiKTeX 2.9/fonts/enc/dvips/lm/lm-ma
thsy.enc}{C:/Users/pavan/AppData/Local/Programs/MiKTeX 2.9/fonts/enc/dvips/lm/l
m-mathex.enc}{C:/Users/pavan/AppData/Local/Programs/MiKTeX 2.9/fonts/enc/dvips/
lm/lm-mathit.enc}<C:/Users/pavan/AppData/Local/Programs/MiKTeX 2.9/fonts/type1/
public/lm/lmbx10.pfb><C:/Users/pavan/AppData/Local/Programs/MiKTeX 2.9/fonts/ty
pe1/public/lm/lmbx12.pfb><C:/Users/pavan/AppData/Local/Programs/MiKTeX 2.9/font
s/type1/public/lm/lmcsc10.pfb><C:/Users/pavan/AppData/Local/Programs/MiKTeX 2.9
/fonts/type1/public/lm/lmex10.pfb><C:/Users/pavan/AppData/Local/Programs/MiKTeX
 2.9/fonts/type1/public/lm/lmmi10.pfb><C:/Users/pavan/AppData/Local/Programs/Mi
KTeX 2.9/fonts/type1/public/lm/lmmi6.pfb><C:/Users/pavan/AppData/Local/Programs
/MiKTeX 2.9/fonts/type1/public/lm/lmmi8.pfb><C:/Users/pavan/AppData/Local/Progr
ams/MiKTeX 2.9/fonts/type1/public/lm/lmmib10.pfb><C:/Users/pavan/AppData/Local/
Programs/MiKTeX 2.9/fonts/type1/public/lm/lmr10.pfb><C:/Users/pavan/AppData/Loc
al/Programs/MiKTeX 2.9/fonts/type1/public/lm/lmr12.pfb><C:/Users/pavan/AppData/
Local/Programs/MiKTeX 2.9/fonts/type1/public/lm/lmr6.pfb><C:/Users/pavan/AppDat
a/Local/Programs/MiKTeX 2.9/fonts/type1/public/lm/lmr8.pfb><C:/Users/pavan/AppD
ata/Local/Programs/MiKTeX 2.9/fonts/type1/public/lm/lmri10.pfb><C:/Users/pavan/
AppData/Local/Programs/MiKTeX 2.9/fonts/type1/public/lm/lmri8.pfb><C:/Users/pav
an/AppData/Local/Programs/MiKTeX 2.9/fonts/type1/public/lm/lmro10.pfb><C:/Users
/pavan/AppData/Local/Programs/MiKTeX 2.9/fonts/type1/public/lm/lmsy10.pfb><C:/U
sers/pavan/AppData/Local/Programs/MiKTeX 2.9/fonts/type1/public/lm/lmsy6.pfb><C
:/Users/pavan/AppData/Local/Programs/MiKTeX 2.9/fonts/type1/public/lm/lmsy8.pfb
><C:/Users/pavan/AppData/Local/Programs/MiKTeX 2.9/fonts/type1/public/lm/lmtt10
.pfb><C:/Users/pavan/AppData/Local/Programs/MiKTeX 2.9/fonts/type1/public/lm/lm
tt8.pfb><C:/Users/pavan/AppData/Local/Programs/MiKTeX 2.9/fonts/type1/public/am
sfonts/symbols/msam10.pfb><C:/Users/pavan/AppData/Local/Programs/MiKTeX 2.9/fon
ts/type1/public/amsfonts/symbols/msbm10.pfb>
Output written on main.pdf (57 pages, 13206234 bytes).
PDF statistics:
 1061 PDF objects out of 1200 (max. 8388607)
 274 named destinations out of 1000 (max. 500000)
 46330 words of extra memory for PDF output out of 51595 (max. 10000000)

